=== c ===
Format: |%0c| |a|
Format: |%3c| |  a|
Format: |%5c| |    a|
Format: |%8c| |       a|
Format: |%10c| |         a|
Format: |%-0c| |a|
Format: |%-3c| |a  |
Format: |%-5c| |a    |
Format: |%-8c| |a       |
Format: |%-10c| |a         |
Format: |%00c| |a|
Format: |%03c| |  a|
Format: |%05c| |    a|
Format: |%08c| |       a|
Format: |%010c| |         a|
Format: |%-00c| |a|
Format: |%-03c| |a  |
Format: |%-05c| |a    |
Format: |%-08c| |a       |
Format: |%-010c| |a         |
=== s ===
Format: |%0.0s| ||
Format: |%0.3s| |hel|
Format: |%0.5s| |hello|
Format: |%0.8s| |hello wo|
Format: |%0.10s| |hello worl|
Format: |%3.0s| |   |
Format: |%3.3s| |hel|
Format: |%3.5s| |hello|
Format: |%3.8s| |hello wo|
Format: |%3.10s| |hello worl|
Format: |%5.0s| |     |
Format: |%5.3s| |  hel|
Format: |%5.5s| |hello|
Format: |%5.8s| |hello wo|
Format: |%5.10s| |hello worl|
Format: |%8.0s| |        |
Format: |%8.3s| |     hel|
Format: |%8.5s| |   hello|
Format: |%8.8s| |hello wo|
Format: |%8.10s| |hello worl|
Format: |%10.0s| |          |
Format: |%10.3s| |       hel|
Format: |%10.5s| |     hello|
Format: |%10.8s| |  hello wo|
Format: |%10.10s| |hello worl|
Format: |%-0.0s| ||
Format: |%-0.3s| |hel|
Format: |%-0.5s| |hello|
Format: |%-0.8s| |hello wo|
Format: |%-0.10s| |hello worl|
Format: |%-3.0s| |   |
Format: |%-3.3s| |hel|
Format: |%-3.5s| |hello|
Format: |%-3.8s| |hello wo|
Format: |%-3.10s| |hello worl|
Format: |%-5.0s| |     |
Format: |%-5.3s| |hel  |
Format: |%-5.5s| |hello|
Format: |%-5.8s| |hello wo|
Format: |%-5.10s| |hello worl|
Format: |%-8.0s| |        |
Format: |%-8.3s| |hel     |
Format: |%-8.5s| |hello   |
Format: |%-8.8s| |hello wo|
Format: |%-8.10s| |hello worl|
Format: |%-10.0s| |          |
Format: |%-10.3s| |hel       |
Format: |%-10.5s| |hello     |
Format: |%-10.8s| |hello wo  |
Format: |%-10.10s| |hello worl|
Format: |%00.0s| ||
Format: |%00.3s| |hel|
Format: |%00.5s| |hello|
Format: |%00.8s| |hello wo|
Format: |%00.10s| |hello worl|
Format: |%03.0s| |   |
Format: |%03.3s| |hel|
Format: |%03.5s| |hello|
Format: |%03.8s| |hello wo|
Format: |%03.10s| |hello worl|
Format: |%05.0s| |     |
Format: |%05.3s| |  hel|
Format: |%05.5s| |hello|
Format: |%05.8s| |hello wo|
Format: |%05.10s| |hello worl|
Format: |%08.0s| |        |
Format: |%08.3s| |     hel|
Format: |%08.5s| |   hello|
Format: |%08.8s| |hello wo|
Format: |%08.10s| |hello worl|
Format: |%010.0s| |          |
Format: |%010.3s| |       hel|
Format: |%010.5s| |     hello|
Format: |%010.8s| |  hello wo|
Format: |%010.10s| |hello worl|
Format: |%-00.0s| ||
Format: |%-00.3s| |hel|
Format: |%-00.5s| |hello|
Format: |%-00.8s| |hello wo|
Format: |%-00.10s| |hello worl|
Format: |%-03.0s| |   |
Format: |%-03.3s| |hel|
Format: |%-03.5s| |hello|
Format: |%-03.8s| |hello wo|
Format: |%-03.10s| |hello worl|
Format: |%-05.0s| |     |
Format: |%-05.3s| |hel  |
Format: |%-05.5s| |hello|
Format: |%-05.8s| |hello wo|
Format: |%-05.10s| |hello worl|
Format: |%-08.0s| |        |
Format: |%-08.3s| |hel     |
Format: |%-08.5s| |hello   |
Format: |%-08.8s| |hello wo|
Format: |%-08.10s| |hello worl|
Format: |%-010.0s| |          |
Format: |%-010.3s| |hel       |
Format: |%-010.5s| |hello     |
Format: |%-010.8s| |hello wo  |
Format: |%-010.10s| |hello worl|
=== d ===
Format: |%0.0d| |42|
Format: |%0.3d| |042|
Format: |%0.5d| |00042|
Format: |%0.8d| |00000042|
Format: |%0.10d| |0000000042|
Format: |%3.0d| | 42|
Format: |%3.3d| |042|
Format: |%3.5d| |00042|
Format: |%3.8d| |00000042|
Format: |%3.10d| |0000000042|
Format: |%5.0d| |   42|
Format: |%5.3d| |  042|
Format: |%5.5d| |00042|
Format: |%5.8d| |00000042|
Format: |%5.10d| |0000000042|
Format: |%8.0d| |      42|
Format: |%8.3d| |     042|
Format: |%8.5d| |   00042|
Format: |%8.8d| |00000042|
Format: |%8.10d| |0000000042|
Format: |%10.0d| |        42|
Format: |%10.3d| |       042|
Format: |%10.5d| |     00042|
Format: |%10.8d| |  00000042|
Format: |%10.10d| |0000000042|
Format: |%-0.0d| |42|
Format: |%-0.3d| |042|
Format: |%-0.5d| |00042|
Format: |%-0.8d| |00000042|
Format: |%-0.10d| |0000000042|
Format: |%-3.0d| |42 |
Format: |%-3.3d| |042|
Format: |%-3.5d| |00042|
Format: |%-3.8d| |00000042|
Format: |%-3.10d| |0000000042|
Format: |%-5.0d| |42   |
Format: |%-5.3d| |042  |
Format: |%-5.5d| |00042|
Format: |%-5.8d| |00000042|
Format: |%-5.10d| |0000000042|
Format: |%-8.0d| |42      |
Format: |%-8.3d| |042     |
Format: |%-8.5d| |00042   |
Format: |%-8.8d| |00000042|
Format: |%-8.10d| |0000000042|
Format: |%-10.0d| |42        |
Format: |%-10.3d| |042       |
Format: |%-10.5d| |00042     |
Format: |%-10.8d| |00000042  |
Format: |%-10.10d| |0000000042|
Format: |%00.0d| |42|
Format: |%00.3d| |042|
Format: |%00.5d| |00042|
Format: |%00.8d| |00000042|
Format: |%00.10d| |0000000042|
Format: |%03.0d| | 42|
Format: |%03.3d| |042|
Format: |%03.5d| |00042|
Format: |%03.8d| |00000042|
Format: |%03.10d| |0000000042|
Format: |%05.0d| |   42|
Format: |%05.3d| |  042|
Format: |%05.5d| |00042|
Format: |%05.8d| |00000042|
Format: |%05.10d| |0000000042|
Format: |%08.0d| |      42|
Format: |%08.3d| |     042|
Format: |%08.5d| |   00042|
Format: |%08.8d| |00000042|
Format: |%08.10d| |0000000042|
Format: |%010.0d| |        42|
Format: |%010.3d| |       042|
Format: |%010.5d| |     00042|
Format: |%010.8d| |  00000042|
Format: |%010.10d| |0000000042|
Format: |%-00.0d| |42|
Format: |%-00.3d| |042|
Format: |%-00.5d| |00042|
Format: |%-00.8d| |00000042|
Format: |%-00.10d| |0000000042|
Format: |%-03.0d| |42 |
Format: |%-03.3d| |042|
Format: |%-03.5d| |00042|
Format: |%-03.8d| |00000042|
Format: |%-03.10d| |0000000042|
Format: |%-05.0d| |42   |
Format: |%-05.3d| |042  |
Format: |%-05.5d| |00042|
Format: |%-05.8d| |00000042|
Format: |%-05.10d| |0000000042|
Format: |%-08.0d| |42      |
Format: |%-08.3d| |042     |
Format: |%-08.5d| |00042   |
Format: |%-08.8d| |00000042|
Format: |%-08.10d| |0000000042|
Format: |%-010.0d| |42        |
Format: |%-010.3d| |042       |
Format: |%-010.5d| |00042     |
Format: |%-010.8d| |00000042  |
Format: |%-010.10d| |0000000042|
Format: |% 0.0d| | 42|
Format: |% 0.3d| | 042|
Format: |% 0.5d| | 00042|
Format: |% 0.8d| | 00000042|
Format: |% 0.10d| | 0000000042|
Format: |% 3.0d| | 42|
Format: |% 3.3d| | 042|
Format: |% 3.5d| | 00042|
Format: |% 3.8d| | 00000042|
Format: |% 3.10d| | 0000000042|
Format: |% 5.0d| |   42|
Format: |% 5.3d| |  042|
Format: |% 5.5d| | 00042|
Format: |% 5.8d| | 00000042|
Format: |% 5.10d| | 0000000042|
Format: |% 8.0d| |      42|
Format: |% 8.3d| |     042|
Format: |% 8.5d| |   00042|
Format: |% 8.8d| | 00000042|
Format: |% 8.10d| | 0000000042|
Format: |% 10.0d| |        42|
Format: |% 10.3d| |       042|
Format: |% 10.5d| |     00042|
Format: |% 10.8d| |  00000042|
Format: |% 10.10d| | 0000000042|
Format: |%- 0.0d| | 42|
Format: |%- 0.3d| | 042|
Format: |%- 0.5d| | 00042|
Format: |%- 0.8d| | 00000042|
Format: |%- 0.10d| | 0000000042|
Format: |%- 3.0d| | 42|
Format: |%- 3.3d| | 042|
Format: |%- 3.5d| | 00042|
Format: |%- 3.8d| | 00000042|
Format: |%- 3.10d| | 0000000042|
Format: |%- 5.0d| | 42  |
Format: |%- 5.3d| | 042 |
Format: |%- 5.5d| | 00042|
Format: |%- 5.8d| | 00000042|
Format: |%- 5.10d| | 0000000042|
Format: |%- 8.0d| | 42     |
Format: |%- 8.3d| | 042    |
Format: |%- 8.5d| | 00042  |
Format: |%- 8.8d| | 00000042|
Format: |%- 8.10d| | 0000000042|
Format: |%- 10.0d| | 42       |
Format: |%- 10.3d| | 042      |
Format: |%- 10.5d| | 00042    |
Format: |%- 10.8d| | 00000042 |
Format: |%- 10.10d| | 0000000042|
Format: |%0 0.0d| | 42|
Format: |%0 0.3d| | 042|
Format: |%0 0.5d| | 00042|
Format: |%0 0.8d| | 00000042|
Format: |%0 0.10d| | 0000000042|
Format: |%0 3.0d| | 42|
Format: |%0 3.3d| | 042|
Format: |%0 3.5d| | 00042|
Format: |%0 3.8d| | 00000042|
Format: |%0 3.10d| | 0000000042|
Format: |%0 5.0d| |   42|
Format: |%0 5.3d| |  042|
Format: |%0 5.5d| | 00042|
Format: |%0 5.8d| | 00000042|
Format: |%0 5.10d| | 0000000042|
Format: |%0 8.0d| |      42|
Format: |%0 8.3d| |     042|
Format: |%0 8.5d| |   00042|
Format: |%0 8.8d| | 00000042|
Format: |%0 8.10d| | 0000000042|
Format: |%0 10.0d| |        42|
Format: |%0 10.3d| |       042|
Format: |%0 10.5d| |     00042|
Format: |%0 10.8d| |  00000042|
Format: |%0 10.10d| | 0000000042|
Format: |%-0 0.0d| | 42|
Format: |%-0 0.3d| | 042|
Format: |%-0 0.5d| | 00042|
Format: |%-0 0.8d| | 00000042|
Format: |%-0 0.10d| | 0000000042|
Format: |%-0 3.0d| | 42|
Format: |%-0 3.3d| | 042|
Format: |%-0 3.5d| | 00042|
Format: |%-0 3.8d| | 00000042|
Format: |%-0 3.10d| | 0000000042|
Format: |%-0 5.0d| | 42  |
Format: |%-0 5.3d| | 042 |
Format: |%-0 5.5d| | 00042|
Format: |%-0 5.8d| | 00000042|
Format: |%-0 5.10d| | 0000000042|
Format: |%-0 8.0d| | 42     |
Format: |%-0 8.3d| | 042    |
Format: |%-0 8.5d| | 00042  |
Format: |%-0 8.8d| | 00000042|
Format: |%-0 8.10d| | 0000000042|
Format: |%-0 10.0d| | 42       |
Format: |%-0 10.3d| | 042      |
Format: |%-0 10.5d| | 00042    |
Format: |%-0 10.8d| | 00000042 |
Format: |%-0 10.10d| | 0000000042|
Format: |%+0.0d| |+42|
Format: |%+0.3d| |+042|
Format: |%+0.5d| |+00042|
Format: |%+0.8d| |+00000042|
Format: |%+0.10d| |+0000000042|
Format: |%+3.0d| |+42|
Format: |%+3.3d| |+042|
Format: |%+3.5d| |+00042|
Format: |%+3.8d| |+00000042|
Format: |%+3.10d| |+0000000042|
Format: |%+5.0d| |  +42|
Format: |%+5.3d| | +042|
Format: |%+5.5d| |+00042|
Format: |%+5.8d| |+00000042|
Format: |%+5.10d| |+0000000042|
Format: |%+8.0d| |     +42|
Format: |%+8.3d| |    +042|
Format: |%+8.5d| |  +00042|
Format: |%+8.8d| |+00000042|
Format: |%+8.10d| |+0000000042|
Format: |%+10.0d| |       +42|
Format: |%+10.3d| |      +042|
Format: |%+10.5d| |    +00042|
Format: |%+10.8d| | +00000042|
Format: |%+10.10d| |+0000000042|
Format: |%-+0.0d| |+42|
Format: |%-+0.3d| |+042|
Format: |%-+0.5d| |+00042|
Format: |%-+0.8d| |+00000042|
Format: |%-+0.10d| |+0000000042|
Format: |%-+3.0d| |+42|
Format: |%-+3.3d| |+042|
Format: |%-+3.5d| |+00042|
Format: |%-+3.8d| |+00000042|
Format: |%-+3.10d| |+0000000042|
Format: |%-+5.0d| |+42  |
Format: |%-+5.3d| |+042 |
Format: |%-+5.5d| |+00042|
Format: |%-+5.8d| |+00000042|
Format: |%-+5.10d| |+0000000042|
Format: |%-+8.0d| |+42     |
Format: |%-+8.3d| |+042    |
Format: |%-+8.5d| |+00042  |
Format: |%-+8.8d| |+00000042|
Format: |%-+8.10d| |+0000000042|
Format: |%-+10.0d| |+42       |
Format: |%-+10.3d| |+042      |
Format: |%-+10.5d| |+00042    |
Format: |%-+10.8d| |+00000042 |
Format: |%-+10.10d| |+0000000042|
Format: |%0+0.0d| |+42|
Format: |%0+0.3d| |+042|
Format: |%0+0.5d| |+00042|
Format: |%0+0.8d| |+00000042|
Format: |%0+0.10d| |+0000000042|
Format: |%0+3.0d| |+42|
Format: |%0+3.3d| |+042|
Format: |%0+3.5d| |+00042|
Format: |%0+3.8d| |+00000042|
Format: |%0+3.10d| |+0000000042|
Format: |%0+5.0d| |  +42|
Format: |%0+5.3d| | +042|
Format: |%0+5.5d| |+00042|
Format: |%0+5.8d| |+00000042|
Format: |%0+5.10d| |+0000000042|
Format: |%0+8.0d| |     +42|
Format: |%0+8.3d| |    +042|
Format: |%0+8.5d| |  +00042|
Format: |%0+8.8d| |+00000042|
Format: |%0+8.10d| |+0000000042|
Format: |%0+10.0d| |       +42|
Format: |%0+10.3d| |      +042|
Format: |%0+10.5d| |    +00042|
Format: |%0+10.8d| | +00000042|
Format: |%0+10.10d| |+0000000042|
Format: |%-0+0.0d| |+42|
Format: |%-0+0.3d| |+042|
Format: |%-0+0.5d| |+00042|
Format: |%-0+0.8d| |+00000042|
Format: |%-0+0.10d| |+0000000042|
Format: |%-0+3.0d| |+42|
Format: |%-0+3.3d| |+042|
Format: |%-0+3.5d| |+00042|
Format: |%-0+3.8d| |+00000042|
Format: |%-0+3.10d| |+0000000042|
Format: |%-0+5.0d| |+42  |
Format: |%-0+5.3d| |+042 |
Format: |%-0+5.5d| |+00042|
Format: |%-0+5.8d| |+00000042|
Format: |%-0+5.10d| |+0000000042|
Format: |%-0+8.0d| |+42     |
Format: |%-0+8.3d| |+042    |
Format: |%-0+8.5d| |+00042  |
Format: |%-0+8.8d| |+00000042|
Format: |%-0+8.10d| |+0000000042|
Format: |%-0+10.0d| |+42       |
Format: |%-0+10.3d| |+042      |
Format: |%-0+10.5d| |+00042    |
Format: |%-0+10.8d| |+00000042 |
Format: |%-0+10.10d| |+0000000042|
Format: |% +0.0d| |+42|
Format: |% +0.3d| |+042|
Format: |% +0.5d| |+00042|
Format: |% +0.8d| |+00000042|
Format: |% +0.10d| |+0000000042|
Format: |% +3.0d| |+42|
Format: |% +3.3d| |+042|
Format: |% +3.5d| |+00042|
Format: |% +3.8d| |+00000042|
Format: |% +3.10d| |+0000000042|
Format: |% +5.0d| |  +42|
Format: |% +5.3d| | +042|
Format: |% +5.5d| |+00042|
Format: |% +5.8d| |+00000042|
Format: |% +5.10d| |+0000000042|
Format: |% +8.0d| |     +42|
Format: |% +8.3d| |    +042|
Format: |% +8.5d| |  +00042|
Format: |% +8.8d| |+00000042|
Format: |% +8.10d| |+0000000042|
Format: |% +10.0d| |       +42|
Format: |% +10.3d| |      +042|
Format: |% +10.5d| |    +00042|
Format: |% +10.8d| | +00000042|
Format: |% +10.10d| |+0000000042|
Format: |%- +0.0d| |+42|
Format: |%- +0.3d| |+042|
Format: |%- +0.5d| |+00042|
Format: |%- +0.8d| |+00000042|
Format: |%- +0.10d| |+0000000042|
Format: |%- +3.0d| |+42|
Format: |%- +3.3d| |+042|
Format: |%- +3.5d| |+00042|
Format: |%- +3.8d| |+00000042|
Format: |%- +3.10d| |+0000000042|
Format: |%- +5.0d| |+42  |
Format: |%- +5.3d| |+042 |
Format: |%- +5.5d| |+00042|
Format: |%- +5.8d| |+00000042|
Format: |%- +5.10d| |+0000000042|
Format: |%- +8.0d| |+42     |
Format: |%- +8.3d| |+042    |
Format: |%- +8.5d| |+00042  |
Format: |%- +8.8d| |+00000042|
Format: |%- +8.10d| |+0000000042|
Format: |%- +10.0d| |+42       |
Format: |%- +10.3d| |+042      |
Format: |%- +10.5d| |+00042    |
Format: |%- +10.8d| |+00000042 |
Format: |%- +10.10d| |+0000000042|
Format: |%0 +0.0d| |+42|
Format: |%0 +0.3d| |+042|
Format: |%0 +0.5d| |+00042|
Format: |%0 +0.8d| |+00000042|
Format: |%0 +0.10d| |+0000000042|
Format: |%0 +3.0d| |+42|
Format: |%0 +3.3d| |+042|
Format: |%0 +3.5d| |+00042|
Format: |%0 +3.8d| |+00000042|
Format: |%0 +3.10d| |+0000000042|
Format: |%0 +5.0d| |  +42|
Format: |%0 +5.3d| | +042|
Format: |%0 +5.5d| |+00042|
Format: |%0 +5.8d| |+00000042|
Format: |%0 +5.10d| |+0000000042|
Format: |%0 +8.0d| |     +42|
Format: |%0 +8.3d| |    +042|
Format: |%0 +8.5d| |  +00042|
Format: |%0 +8.8d| |+00000042|
Format: |%0 +8.10d| |+0000000042|
Format: |%0 +10.0d| |       +42|
Format: |%0 +10.3d| |      +042|
Format: |%0 +10.5d| |    +00042|
Format: |%0 +10.8d| | +00000042|
Format: |%0 +10.10d| |+0000000042|
Format: |%-0 +0.0d| |+42|
Format: |%-0 +0.3d| |+042|
Format: |%-0 +0.5d| |+00042|
Format: |%-0 +0.8d| |+00000042|
Format: |%-0 +0.10d| |+0000000042|
Format: |%-0 +3.0d| |+42|
Format: |%-0 +3.3d| |+042|
Format: |%-0 +3.5d| |+00042|
Format: |%-0 +3.8d| |+00000042|
Format: |%-0 +3.10d| |+0000000042|
Format: |%-0 +5.0d| |+42  |
Format: |%-0 +5.3d| |+042 |
Format: |%-0 +5.5d| |+00042|
Format: |%-0 +5.8d| |+00000042|
Format: |%-0 +5.10d| |+0000000042|
Format: |%-0 +8.0d| |+42     |
Format: |%-0 +8.3d| |+042    |
Format: |%-0 +8.5d| |+00042  |
Format: |%-0 +8.8d| |+00000042|
Format: |%-0 +8.10d| |+0000000042|
Format: |%-0 +10.0d| |+42       |
Format: |%-0 +10.3d| |+042      |
Format: |%-0 +10.5d| |+00042    |
Format: |%-0 +10.8d| |+00000042 |
Format: |%-0 +10.10d| |+0000000042|
=== i ===
Format: |%0.0i| |42|
Format: |%0.3i| |042|
Format: |%0.5i| |00042|
Format: |%0.8i| |00000042|
Format: |%0.10i| |0000000042|
Format: |%3.0i| | 42|
Format: |%3.3i| |042|
Format: |%3.5i| |00042|
Format: |%3.8i| |00000042|
Format: |%3.10i| |0000000042|
Format: |%5.0i| |   42|
Format: |%5.3i| |  042|
Format: |%5.5i| |00042|
Format: |%5.8i| |00000042|
Format: |%5.10i| |0000000042|
Format: |%8.0i| |      42|
Format: |%8.3i| |     042|
Format: |%8.5i| |   00042|
Format: |%8.8i| |00000042|
Format: |%8.10i| |0000000042|
Format: |%10.0i| |        42|
Format: |%10.3i| |       042|
Format: |%10.5i| |     00042|
Format: |%10.8i| |  00000042|
Format: |%10.10i| |0000000042|
Format: |%-0.0i| |42|
Format: |%-0.3i| |042|
Format: |%-0.5i| |00042|
Format: |%-0.8i| |00000042|
Format: |%-0.10i| |0000000042|
Format: |%-3.0i| |42 |
Format: |%-3.3i| |042|
Format: |%-3.5i| |00042|
Format: |%-3.8i| |00000042|
Format: |%-3.10i| |0000000042|
Format: |%-5.0i| |42   |
Format: |%-5.3i| |042  |
Format: |%-5.5i| |00042|
Format: |%-5.8i| |00000042|
Format: |%-5.10i| |0000000042|
Format: |%-8.0i| |42      |
Format: |%-8.3i| |042     |
Format: |%-8.5i| |00042   |
Format: |%-8.8i| |00000042|
Format: |%-8.10i| |0000000042|
Format: |%-10.0i| |42        |
Format: |%-10.3i| |042       |
Format: |%-10.5i| |00042     |
Format: |%-10.8i| |00000042  |
Format: |%-10.10i| |0000000042|
Format: |%00.0i| |42|
Format: |%00.3i| |042|
Format: |%00.5i| |00042|
Format: |%00.8i| |00000042|
Format: |%00.10i| |0000000042|
Format: |%03.0i| | 42|
Format: |%03.3i| |042|
Format: |%03.5i| |00042|
Format: |%03.8i| |00000042|
Format: |%03.10i| |0000000042|
Format: |%05.0i| |   42|
Format: |%05.3i| |  042|
Format: |%05.5i| |00042|
Format: |%05.8i| |00000042|
Format: |%05.10i| |0000000042|
Format: |%08.0i| |      42|
Format: |%08.3i| |     042|
Format: |%08.5i| |   00042|
Format: |%08.8i| |00000042|
Format: |%08.10i| |0000000042|
Format: |%010.0i| |        42|
Format: |%010.3i| |       042|
Format: |%010.5i| |     00042|
Format: |%010.8i| |  00000042|
Format: |%010.10i| |0000000042|
Format: |%-00.0i| |42|
Format: |%-00.3i| |042|
Format: |%-00.5i| |00042|
Format: |%-00.8i| |00000042|
Format: |%-00.10i| |0000000042|
Format: |%-03.0i| |42 |
Format: |%-03.3i| |042|
Format: |%-03.5i| |00042|
Format: |%-03.8i| |00000042|
Format: |%-03.10i| |0000000042|
Format: |%-05.0i| |42   |
Format: |%-05.3i| |042  |
Format: |%-05.5i| |00042|
Format: |%-05.8i| |00000042|
Format: |%-05.10i| |0000000042|
Format: |%-08.0i| |42      |
Format: |%-08.3i| |042     |
Format: |%-08.5i| |00042   |
Format: |%-08.8i| |00000042|
Format: |%-08.10i| |0000000042|
Format: |%-010.0i| |42        |
Format: |%-010.3i| |042       |
Format: |%-010.5i| |00042     |
Format: |%-010.8i| |00000042  |
Format: |%-010.10i| |0000000042|
Format: |% 0.0i| | 42|
Format: |% 0.3i| | 042|
Format: |% 0.5i| | 00042|
Format: |% 0.8i| | 00000042|
Format: |% 0.10i| | 0000000042|
Format: |% 3.0i| | 42|
Format: |% 3.3i| | 042|
Format: |% 3.5i| | 00042|
Format: |% 3.8i| | 00000042|
Format: |% 3.10i| | 0000000042|
Format: |% 5.0i| |   42|
Format: |% 5.3i| |  042|
Format: |% 5.5i| | 00042|
Format: |% 5.8i| | 00000042|
Format: |% 5.10i| | 0000000042|
Format: |% 8.0i| |      42|
Format: |% 8.3i| |     042|
Format: |% 8.5i| |   00042|
Format: |% 8.8i| | 00000042|
Format: |% 8.10i| | 0000000042|
Format: |% 10.0i| |        42|
Format: |% 10.3i| |       042|
Format: |% 10.5i| |     00042|
Format: |% 10.8i| |  00000042|
Format: |% 10.10i| | 0000000042|
Format: |%- 0.0i| | 42|
Format: |%- 0.3i| | 042|
Format: |%- 0.5i| | 00042|
Format: |%- 0.8i| | 00000042|
Format: |%- 0.10i| | 0000000042|
Format: |%- 3.0i| | 42|
Format: |%- 3.3i| | 042|
Format: |%- 3.5i| | 00042|
Format: |%- 3.8i| | 00000042|
Format: |%- 3.10i| | 0000000042|
Format: |%- 5.0i| | 42  |
Format: |%- 5.3i| | 042 |
Format: |%- 5.5i| | 00042|
Format: |%- 5.8i| | 00000042|
Format: |%- 5.10i| | 0000000042|
Format: |%- 8.0i| | 42     |
Format: |%- 8.3i| | 042    |
Format: |%- 8.5i| | 00042  |
Format: |%- 8.8i| | 00000042|
Format: |%- 8.10i| | 0000000042|
Format: |%- 10.0i| | 42       |
Format: |%- 10.3i| | 042      |
Format: |%- 10.5i| | 00042    |
Format: |%- 10.8i| | 00000042 |
Format: |%- 10.10i| | 0000000042|
Format: |%0 0.0i| | 42|
Format: |%0 0.3i| | 042|
Format: |%0 0.5i| | 00042|
Format: |%0 0.8i| | 00000042|
Format: |%0 0.10i| | 0000000042|
Format: |%0 3.0i| | 42|
Format: |%0 3.3i| | 042|
Format: |%0 3.5i| | 00042|
Format: |%0 3.8i| | 00000042|
Format: |%0 3.10i| | 0000000042|
Format: |%0 5.0i| |   42|
Format: |%0 5.3i| |  042|
Format: |%0 5.5i| | 00042|
Format: |%0 5.8i| | 00000042|
Format: |%0 5.10i| | 0000000042|
Format: |%0 8.0i| |      42|
Format: |%0 8.3i| |     042|
Format: |%0 8.5i| |   00042|
Format: |%0 8.8i| | 00000042|
Format: |%0 8.10i| | 0000000042|
Format: |%0 10.0i| |        42|
Format: |%0 10.3i| |       042|
Format: |%0 10.5i| |     00042|
Format: |%0 10.8i| |  00000042|
Format: |%0 10.10i| | 0000000042|
Format: |%-0 0.0i| | 42|
Format: |%-0 0.3i| | 042|
Format: |%-0 0.5i| | 00042|
Format: |%-0 0.8i| | 00000042|
Format: |%-0 0.10i| | 0000000042|
Format: |%-0 3.0i| | 42|
Format: |%-0 3.3i| | 042|
Format: |%-0 3.5i| | 00042|
Format: |%-0 3.8i| | 00000042|
Format: |%-0 3.10i| | 0000000042|
Format: |%-0 5.0i| | 42  |
Format: |%-0 5.3i| | 042 |
Format: |%-0 5.5i| | 00042|
Format: |%-0 5.8i| | 00000042|
Format: |%-0 5.10i| | 0000000042|
Format: |%-0 8.0i| | 42     |
Format: |%-0 8.3i| | 042    |
Format: |%-0 8.5i| | 00042  |
Format: |%-0 8.8i| | 00000042|
Format: |%-0 8.10i| | 0000000042|
Format: |%-0 10.0i| | 42       |
Format: |%-0 10.3i| | 042      |
Format: |%-0 10.5i| | 00042    |
Format: |%-0 10.8i| | 00000042 |
Format: |%-0 10.10i| | 0000000042|
Format: |%+0.0i| |+42|
Format: |%+0.3i| |+042|
Format: |%+0.5i| |+00042|
Format: |%+0.8i| |+00000042|
Format: |%+0.10i| |+0000000042|
Format: |%+3.0i| |+42|
Format: |%+3.3i| |+042|
Format: |%+3.5i| |+00042|
Format: |%+3.8i| |+00000042|
Format: |%+3.10i| |+0000000042|
Format: |%+5.0i| |  +42|
Format: |%+5.3i| | +042|
Format: |%+5.5i| |+00042|
Format: |%+5.8i| |+00000042|
Format: |%+5.10i| |+0000000042|
Format: |%+8.0i| |     +42|
Format: |%+8.3i| |    +042|
Format: |%+8.5i| |  +00042|
Format: |%+8.8i| |+00000042|
Format: |%+8.10i| |+0000000042|
Format: |%+10.0i| |       +42|
Format: |%+10.3i| |      +042|
Format: |%+10.5i| |    +00042|
Format: |%+10.8i| | +00000042|
Format: |%+10.10i| |+0000000042|
Format: |%-+0.0i| |+42|
Format: |%-+0.3i| |+042|
Format: |%-+0.5i| |+00042|
Format: |%-+0.8i| |+00000042|
Format: |%-+0.10i| |+0000000042|
Format: |%-+3.0i| |+42|
Format: |%-+3.3i| |+042|
Format: |%-+3.5i| |+00042|
Format: |%-+3.8i| |+00000042|
Format: |%-+3.10i| |+0000000042|
Format: |%-+5.0i| |+42  |
Format: |%-+5.3i| |+042 |
Format: |%-+5.5i| |+00042|
Format: |%-+5.8i| |+00000042|
Format: |%-+5.10i| |+0000000042|
Format: |%-+8.0i| |+42     |
Format: |%-+8.3i| |+042    |
Format: |%-+8.5i| |+00042  |
Format: |%-+8.8i| |+00000042|
Format: |%-+8.10i| |+0000000042|
Format: |%-+10.0i| |+42       |
Format: |%-+10.3i| |+042      |
Format: |%-+10.5i| |+00042    |
Format: |%-+10.8i| |+00000042 |
Format: |%-+10.10i| |+0000000042|
Format: |%0+0.0i| |+42|
Format: |%0+0.3i| |+042|
Format: |%0+0.5i| |+00042|
Format: |%0+0.8i| |+00000042|
Format: |%0+0.10i| |+0000000042|
Format: |%0+3.0i| |+42|
Format: |%0+3.3i| |+042|
Format: |%0+3.5i| |+00042|
Format: |%0+3.8i| |+00000042|
Format: |%0+3.10i| |+0000000042|
Format: |%0+5.0i| |  +42|
Format: |%0+5.3i| | +042|
Format: |%0+5.5i| |+00042|
Format: |%0+5.8i| |+00000042|
Format: |%0+5.10i| |+0000000042|
Format: |%0+8.0i| |     +42|
Format: |%0+8.3i| |    +042|
Format: |%0+8.5i| |  +00042|
Format: |%0+8.8i| |+00000042|
Format: |%0+8.10i| |+0000000042|
Format: |%0+10.0i| |       +42|
Format: |%0+10.3i| |      +042|
Format: |%0+10.5i| |    +00042|
Format: |%0+10.8i| | +00000042|
Format: |%0+10.10i| |+0000000042|
Format: |%-0+0.0i| |+42|
Format: |%-0+0.3i| |+042|
Format: |%-0+0.5i| |+00042|
Format: |%-0+0.8i| |+00000042|
Format: |%-0+0.10i| |+0000000042|
Format: |%-0+3.0i| |+42|
Format: |%-0+3.3i| |+042|
Format: |%-0+3.5i| |+00042|
Format: |%-0+3.8i| |+00000042|
Format: |%-0+3.10i| |+0000000042|
Format: |%-0+5.0i| |+42  |
Format: |%-0+5.3i| |+042 |
Format: |%-0+5.5i| |+00042|
Format: |%-0+5.8i| |+00000042|
Format: |%-0+5.10i| |+0000000042|
Format: |%-0+8.0i| |+42     |
Format: |%-0+8.3i| |+042    |
Format: |%-0+8.5i| |+00042  |
Format: |%-0+8.8i| |+00000042|
Format: |%-0+8.10i| |+0000000042|
Format: |%-0+10.0i| |+42       |
Format: |%-0+10.3i| |+042      |
Format: |%-0+10.5i| |+00042    |
Format: |%-0+10.8i| |+00000042 |
Format: |%-0+10.10i| |+0000000042|
Format: |% +0.0i| |+42|
Format: |% +0.3i| |+042|
Format: |% +0.5i| |+00042|
Format: |% +0.8i| |+00000042|
Format: |% +0.10i| |+0000000042|
Format: |% +3.0i| |+42|
Format: |% +3.3i| |+042|
Format: |% +3.5i| |+00042|
Format: |% +3.8i| |+00000042|
Format: |% +3.10i| |+0000000042|
Format: |% +5.0i| |  +42|
Format: |% +5.3i| | +042|
Format: |% +5.5i| |+00042|
Format: |% +5.8i| |+00000042|
Format: |% +5.10i| |+0000000042|
Format: |% +8.0i| |     +42|
Format: |% +8.3i| |    +042|
Format: |% +8.5i| |  +00042|
Format: |% +8.8i| |+00000042|
Format: |% +8.10i| |+0000000042|
Format: |% +10.0i| |       +42|
Format: |% +10.3i| |      +042|
Format: |% +10.5i| |    +00042|
Format: |% +10.8i| | +00000042|
Format: |% +10.10i| |+0000000042|
Format: |%- +0.0i| |+42|
Format: |%- +0.3i| |+042|
Format: |%- +0.5i| |+00042|
Format: |%- +0.8i| |+00000042|
Format: |%- +0.10i| |+0000000042|
Format: |%- +3.0i| |+42|
Format: |%- +3.3i| |+042|
Format: |%- +3.5i| |+00042|
Format: |%- +3.8i| |+00000042|
Format: |%- +3.10i| |+0000000042|
Format: |%- +5.0i| |+42  |
Format: |%- +5.3i| |+042 |
Format: |%- +5.5i| |+00042|
Format: |%- +5.8i| |+00000042|
Format: |%- +5.10i| |+0000000042|
Format: |%- +8.0i| |+42     |
Format: |%- +8.3i| |+042    |
Format: |%- +8.5i| |+00042  |
Format: |%- +8.8i| |+00000042|
Format: |%- +8.10i| |+0000000042|
Format: |%- +10.0i| |+42       |
Format: |%- +10.3i| |+042      |
Format: |%- +10.5i| |+00042    |
Format: |%- +10.8i| |+00000042 |
Format: |%- +10.10i| |+0000000042|
Format: |%0 +0.0i| |+42|
Format: |%0 +0.3i| |+042|
Format: |%0 +0.5i| |+00042|
Format: |%0 +0.8i| |+00000042|
Format: |%0 +0.10i| |+0000000042|
Format: |%0 +3.0i| |+42|
Format: |%0 +3.3i| |+042|
Format: |%0 +3.5i| |+00042|
Format: |%0 +3.8i| |+00000042|
Format: |%0 +3.10i| |+0000000042|
Format: |%0 +5.0i| |  +42|
Format: |%0 +5.3i| | +042|
Format: |%0 +5.5i| |+00042|
Format: |%0 +5.8i| |+00000042|
Format: |%0 +5.10i| |+0000000042|
Format: |%0 +8.0i| |     +42|
Format: |%0 +8.3i| |    +042|
Format: |%0 +8.5i| |  +00042|
Format: |%0 +8.8i| |+00000042|
Format: |%0 +8.10i| |+0000000042|
Format: |%0 +10.0i| |       +42|
Format: |%0 +10.3i| |      +042|
Format: |%0 +10.5i| |    +00042|
Format: |%0 +10.8i| | +00000042|
Format: |%0 +10.10i| |+0000000042|
Format: |%-0 +0.0i| |+42|
Format: |%-0 +0.3i| |+042|
Format: |%-0 +0.5i| |+00042|
Format: |%-0 +0.8i| |+00000042|
Format: |%-0 +0.10i| |+0000000042|
Format: |%-0 +3.0i| |+42|
Format: |%-0 +3.3i| |+042|
Format: |%-0 +3.5i| |+00042|
Format: |%-0 +3.8i| |+00000042|
Format: |%-0 +3.10i| |+0000000042|
Format: |%-0 +5.0i| |+42  |
Format: |%-0 +5.3i| |+042 |
Format: |%-0 +5.5i| |+00042|
Format: |%-0 +5.8i| |+00000042|
Format: |%-0 +5.10i| |+0000000042|
Format: |%-0 +8.0i| |+42     |
Format: |%-0 +8.3i| |+042    |
Format: |%-0 +8.5i| |+00042  |
Format: |%-0 +8.8i| |+00000042|
Format: |%-0 +8.10i| |+0000000042|
Format: |%-0 +10.0i| |+42       |
Format: |%-0 +10.3i| |+042      |
Format: |%-0 +10.5i| |+00042    |
Format: |%-0 +10.8i| |+00000042 |
Format: |%-0 +10.10i| |+0000000042|
=== u ===
Format: |%0.0u| |42|
Format: |%0.3u| |042|
Format: |%0.5u| |00042|
Format: |%0.8u| |00000042|
Format: |%0.10u| |0000000042|
Format: |%3.0u| | 42|
Format: |%3.3u| |042|
Format: |%3.5u| |00042|
Format: |%3.8u| |00000042|
Format: |%3.10u| |0000000042|
Format: |%5.0u| |   42|
Format: |%5.3u| |  042|
Format: |%5.5u| |00042|
Format: |%5.8u| |00000042|
Format: |%5.10u| |0000000042|
Format: |%8.0u| |      42|
Format: |%8.3u| |     042|
Format: |%8.5u| |   00042|
Format: |%8.8u| |00000042|
Format: |%8.10u| |0000000042|
Format: |%10.0u| |        42|
Format: |%10.3u| |       042|
Format: |%10.5u| |     00042|
Format: |%10.8u| |  00000042|
Format: |%10.10u| |0000000042|
Format: |%-0.0u| |42|
Format: |%-0.3u| |042|
Format: |%-0.5u| |00042|
Format: |%-0.8u| |00000042|
Format: |%-0.10u| |0000000042|
Format: |%-3.0u| |42 |
Format: |%-3.3u| |042|
Format: |%-3.5u| |00042|
Format: |%-3.8u| |00000042|
Format: |%-3.10u| |0000000042|
Format: |%-5.0u| |42   |
Format: |%-5.3u| |042  |
Format: |%-5.5u| |00042|
Format: |%-5.8u| |00000042|
Format: |%-5.10u| |0000000042|
Format: |%-8.0u| |42      |
Format: |%-8.3u| |042     |
Format: |%-8.5u| |00042   |
Format: |%-8.8u| |00000042|
Format: |%-8.10u| |0000000042|
Format: |%-10.0u| |42        |
Format: |%-10.3u| |042       |
Format: |%-10.5u| |00042     |
Format: |%-10.8u| |00000042  |
Format: |%-10.10u| |0000000042|
Format: |%00.0u| |42|
Format: |%00.3u| |042|
Format: |%00.5u| |00042|
Format: |%00.8u| |00000042|
Format: |%00.10u| |0000000042|
Format: |%03.0u| | 42|
Format: |%03.3u| |042|
Format: |%03.5u| |00042|
Format: |%03.8u| |00000042|
Format: |%03.10u| |0000000042|
Format: |%05.0u| |   42|
Format: |%05.3u| |  042|
Format: |%05.5u| |00042|
Format: |%05.8u| |00000042|
Format: |%05.10u| |0000000042|
Format: |%08.0u| |      42|
Format: |%08.3u| |     042|
Format: |%08.5u| |   00042|
Format: |%08.8u| |00000042|
Format: |%08.10u| |0000000042|
Format: |%010.0u| |        42|
Format: |%010.3u| |       042|
Format: |%010.5u| |     00042|
Format: |%010.8u| |  00000042|
Format: |%010.10u| |0000000042|
Format: |%-00.0u| |42|
Format: |%-00.3u| |042|
Format: |%-00.5u| |00042|
Format: |%-00.8u| |00000042|
Format: |%-00.10u| |0000000042|
Format: |%-03.0u| |42 |
Format: |%-03.3u| |042|
Format: |%-03.5u| |00042|
Format: |%-03.8u| |00000042|
Format: |%-03.10u| |0000000042|
Format: |%-05.0u| |42   |
Format: |%-05.3u| |042  |
Format: |%-05.5u| |00042|
Format: |%-05.8u| |00000042|
Format: |%-05.10u| |0000000042|
Format: |%-08.0u| |42      |
Format: |%-08.3u| |042     |
Format: |%-08.5u| |00042   |
Format: |%-08.8u| |00000042|
Format: |%-08.10u| |0000000042|
Format: |%-010.0u| |42        |
Format: |%-010.3u| |042       |
Format: |%-010.5u| |00042     |
Format: |%-010.8u| |00000042  |
Format: |%-010.10u| |0000000042|
=== p ===
Format: |%0p| |0x1068|
Format: |%3p| |0x1068|
Format: |%5p| |0x1068|
Format: |%8p| |  0x1068|
Format: |%10p| |    0x1068|
Format: |%-0p| |0x1068|
Format: |%-3p| |0x1068|
Format: |%-5p| |0x1068|
Format: |%-8p| |0x1068  |
Format: |%-10p| |0x1068    |
Format: |%00p| |0x1068|
Format: |%03p| |0x1068|
Format: |%05p| |0x1068|
Format: |%08p| |0x001068|
Format: |%010p| |0x00001068|
Format: |%-00p| |0x1068|
Format: |%-03p| |0x1068|
Format: |%-05p| |0x1068|
Format: |%-08p| |0x1068  |
Format: |%-010p| |0x1068    |
=== x ===
Format: |%0.0x| |2a|
Format: |%0.3x| |02a|
Format: |%0.5x| |0002a|
Format: |%0.8x| |0000002a|
Format: |%0.10x| |000000002a|
Format: |%3.0x| | 2a|
Format: |%3.3x| |02a|
Format: |%3.5x| |0002a|
Format: |%3.8x| |0000002a|
Format: |%3.10x| |000000002a|
Format: |%5.0x| |   2a|
Format: |%5.3x| |  02a|
Format: |%5.5x| |0002a|
Format: |%5.8x| |0000002a|
Format: |%5.10x| |000000002a|
Format: |%8.0x| |      2a|
Format: |%8.3x| |     02a|
Format: |%8.5x| |   0002a|
Format: |%8.8x| |0000002a|
Format: |%8.10x| |000000002a|
Format: |%10.0x| |        2a|
Format: |%10.3x| |       02a|
Format: |%10.5x| |     0002a|
Format: |%10.8x| |  0000002a|
Format: |%10.10x| |000000002a|
Format: |%-0.0x| |2a|
Format: |%-0.3x| |02a|
Format: |%-0.5x| |0002a|
Format: |%-0.8x| |0000002a|
Format: |%-0.10x| |000000002a|
Format: |%-3.0x| |2a |
Format: |%-3.3x| |02a|
Format: |%-3.5x| |0002a|
Format: |%-3.8x| |0000002a|
Format: |%-3.10x| |000000002a|
Format: |%-5.0x| |2a   |
Format: |%-5.3x| |02a  |
Format: |%-5.5x| |0002a|
Format: |%-5.8x| |0000002a|
Format: |%-5.10x| |000000002a|
Format: |%-8.0x| |2a      |
Format: |%-8.3x| |02a     |
Format: |%-8.5x| |0002a   |
Format: |%-8.8x| |0000002a|
Format: |%-8.10x| |000000002a|
Format: |%-10.0x| |2a        |
Format: |%-10.3x| |02a       |
Format: |%-10.5x| |0002a     |
Format: |%-10.8x| |0000002a  |
Format: |%-10.10x| |000000002a|
Format: |%00.0x| |2a|
Format: |%00.3x| |02a|
Format: |%00.5x| |0002a|
Format: |%00.8x| |0000002a|
Format: |%00.10x| |000000002a|
Format: |%03.0x| | 2a|
Format: |%03.3x| |02a|
Format: |%03.5x| |0002a|
Format: |%03.8x| |0000002a|
Format: |%03.10x| |000000002a|
Format: |%05.0x| |   2a|
Format: |%05.3x| |  02a|
Format: |%05.5x| |0002a|
Format: |%05.8x| |0000002a|
Format: |%05.10x| |000000002a|
Format: |%08.0x| |      2a|
Format: |%08.3x| |     02a|
Format: |%08.5x| |   0002a|
Format: |%08.8x| |0000002a|
Format: |%08.10x| |000000002a|
Format: |%010.0x| |        2a|
Format: |%010.3x| |       02a|
Format: |%010.5x| |     0002a|
Format: |%010.8x| |  0000002a|
Format: |%010.10x| |000000002a|
Format: |%-00.0x| |2a|
Format: |%-00.3x| |02a|
Format: |%-00.5x| |0002a|
Format: |%-00.8x| |0000002a|
Format: |%-00.10x| |000000002a|
Format: |%-03.0x| |2a |
Format: |%-03.3x| |02a|
Format: |%-03.5x| |0002a|
Format: |%-03.8x| |0000002a|
Format: |%-03.10x| |000000002a|
Format: |%-05.0x| |2a   |
Format: |%-05.3x| |02a  |
Format: |%-05.5x| |0002a|
Format: |%-05.8x| |0000002a|
Format: |%-05.10x| |000000002a|
Format: |%-08.0x| |2a      |
Format: |%-08.3x| |02a     |
Format: |%-08.5x| |0002a   |
Format: |%-08.8x| |0000002a|
Format: |%-08.10x| |000000002a|
Format: |%-010.0x| |2a        |
Format: |%-010.3x| |02a       |
Format: |%-010.5x| |0002a     |
Format: |%-010.8x| |0000002a  |
Format: |%-010.10x| |000000002a|
Format: |%#0.0x| |0x2a|
Format: |%#0.3x| |0x02a|
Format: |%#0.5x| |0x0002a|
Format: |%#0.8x| |0x0000002a|
Format: |%#0.10x| |0x000000002a|
Format: |%#3.0x| |0x2a|
Format: |%#3.3x| |0x02a|
Format: |%#3.5x| |0x0002a|
Format: |%#3.8x| |0x0000002a|
Format: |%#3.10x| |0x000000002a|
Format: |%#5.0x| | 0x2a|
Format: |%#5.3x| |0x02a|
Format: |%#5.5x| |0x0002a|
Format: |%#5.8x| |0x0000002a|
Format: |%#5.10x| |0x000000002a|
Format: |%#8.0x| |    0x2a|
Format: |%#8.3x| |   0x02a|
Format: |%#8.5x| | 0x0002a|
Format: |%#8.8x| |0x0000002a|
Format: |%#8.10x| |0x000000002a|
Format: |%#10.0x| |      0x2a|
Format: |%#10.3x| |     0x02a|
Format: |%#10.5x| |   0x0002a|
Format: |%#10.8x| |0x0000002a|
Format: |%#10.10x| |0x000000002a|
Format: |%-#0.0x| |0x2a|
Format: |%-#0.3x| |0x02a|
Format: |%-#0.5x| |0x0002a|
Format: |%-#0.8x| |0x0000002a|
Format: |%-#0.10x| |0x000000002a|
Format: |%-#3.0x| |0x2a|
Format: |%-#3.3x| |0x02a|
Format: |%-#3.5x| |0x0002a|
Format: |%-#3.8x| |0x0000002a|
Format: |%-#3.10x| |0x000000002a|
Format: |%-#5.0x| |0x2a |
Format: |%-#5.3x| |0x02a|
Format: |%-#5.5x| |0x0002a|
Format: |%-#5.8x| |0x0000002a|
Format: |%-#5.10x| |0x000000002a|
Format: |%-#8.0x| |0x2a    |
Format: |%-#8.3x| |0x02a   |
Format: |%-#8.5x| |0x0002a |
Format: |%-#8.8x| |0x0000002a|
Format: |%-#8.10x| |0x000000002a|
Format: |%-#10.0x| |0x2a      |
Format: |%-#10.3x| |0x02a     |
Format: |%-#10.5x| |0x0002a   |
Format: |%-#10.8x| |0x0000002a|
Format: |%-#10.10x| |0x000000002a|
Format: |%0#0.0x| |0x2a|
Format: |%0#0.3x| |0x02a|
Format: |%0#0.5x| |0x0002a|
Format: |%0#0.8x| |0x0000002a|
Format: |%0#0.10x| |0x000000002a|
Format: |%0#3.0x| |0x2a|
Format: |%0#3.3x| |0x02a|
Format: |%0#3.5x| |0x0002a|
Format: |%0#3.8x| |0x0000002a|
Format: |%0#3.10x| |0x000000002a|
Format: |%0#5.0x| | 0x2a|
Format: |%0#5.3x| |0x02a|
Format: |%0#5.5x| |0x0002a|
Format: |%0#5.8x| |0x0000002a|
Format: |%0#5.10x| |0x000000002a|
Format: |%0#8.0x| |    0x2a|
Format: |%0#8.3x| |   0x02a|
Format: |%0#8.5x| | 0x0002a|
Format: |%0#8.8x| |0x0000002a|
Format: |%0#8.10x| |0x000000002a|
Format: |%0#10.0x| |      0x2a|
Format: |%0#10.3x| |     0x02a|
Format: |%0#10.5x| |   0x0002a|
Format: |%0#10.8x| |0x0000002a|
Format: |%0#10.10x| |0x000000002a|
Format: |%-0#0.0x| |0x2a|
Format: |%-0#0.3x| |0x02a|
Format: |%-0#0.5x| |0x0002a|
Format: |%-0#0.8x| |0x0000002a|
Format: |%-0#0.10x| |0x000000002a|
Format: |%-0#3.0x| |0x2a|
Format: |%-0#3.3x| |0x02a|
Format: |%-0#3.5x| |0x0002a|
Format: |%-0#3.8x| |0x0000002a|
Format: |%-0#3.10x| |0x000000002a|
Format: |%-0#5.0x| |0x2a |
Format: |%-0#5.3x| |0x02a|
Format: |%-0#5.5x| |0x0002a|
Format: |%-0#5.8x| |0x0000002a|
Format: |%-0#5.10x| |0x000000002a|
Format: |%-0#8.0x| |0x2a    |
Format: |%-0#8.3x| |0x02a   |
Format: |%-0#8.5x| |0x0002a |
Format: |%-0#8.8x| |0x0000002a|
Format: |%-0#8.10x| |0x000000002a|
Format: |%-0#10.0x| |0x2a      |
Format: |%-0#10.3x| |0x02a     |
Format: |%-0#10.5x| |0x0002a   |
Format: |%-0#10.8x| |0x0000002a|
Format: |%-0#10.10x| |0x000000002a|
=== X ===
Format: |%0.0X| |2A|
Format: |%0.3X| |02A|
Format: |%0.5X| |0002A|
Format: |%0.8X| |0000002A|
Format: |%0.10X| |000000002A|
Format: |%3.0X| | 2A|
Format: |%3.3X| |02A|
Format: |%3.5X| |0002A|
Format: |%3.8X| |0000002A|
Format: |%3.10X| |000000002A|
Format: |%5.0X| |   2A|
Format: |%5.3X| |  02A|
Format: |%5.5X| |0002A|
Format: |%5.8X| |0000002A|
Format: |%5.10X| |000000002A|
Format: |%8.0X| |      2A|
Format: |%8.3X| |     02A|
Format: |%8.5X| |   0002A|
Format: |%8.8X| |0000002A|
Format: |%8.10X| |000000002A|
Format: |%10.0X| |        2A|
Format: |%10.3X| |       02A|
Format: |%10.5X| |     0002A|
Format: |%10.8X| |  0000002A|
Format: |%10.10X| |000000002A|
Format: |%-0.0X| |2A|
Format: |%-0.3X| |02A|
Format: |%-0.5X| |0002A|
Format: |%-0.8X| |0000002A|
Format: |%-0.10X| |000000002A|
Format: |%-3.0X| |2A |
Format: |%-3.3X| |02A|
Format: |%-3.5X| |0002A|
Format: |%-3.8X| |0000002A|
Format: |%-3.10X| |000000002A|
Format: |%-5.0X| |2A   |
Format: |%-5.3X| |02A  |
Format: |%-5.5X| |0002A|
Format: |%-5.8X| |0000002A|
Format: |%-5.10X| |000000002A|
Format: |%-8.0X| |2A      |
Format: |%-8.3X| |02A     |
Format: |%-8.5X| |0002A   |
Format: |%-8.8X| |0000002A|
Format: |%-8.10X| |000000002A|
Format: |%-10.0X| |2A        |
Format: |%-10.3X| |02A       |
Format: |%-10.5X| |0002A     |
Format: |%-10.8X| |0000002A  |
Format: |%-10.10X| |000000002A|
Format: |%00.0X| |2A|
Format: |%00.3X| |02A|
Format: |%00.5X| |0002A|
Format: |%00.8X| |0000002A|
Format: |%00.10X| |000000002A|
Format: |%03.0X| | 2A|
Format: |%03.3X| |02A|
Format: |%03.5X| |0002A|
Format: |%03.8X| |0000002A|
Format: |%03.10X| |000000002A|
Format: |%05.0X| |   2A|
Format: |%05.3X| |  02A|
Format: |%05.5X| |0002A|
Format: |%05.8X| |0000002A|
Format: |%05.10X| |000000002A|
Format: |%08.0X| |      2A|
Format: |%08.3X| |     02A|
Format: |%08.5X| |   0002A|
Format: |%08.8X| |0000002A|
Format: |%08.10X| |000000002A|
Format: |%010.0X| |        2A|
Format: |%010.3X| |       02A|
Format: |%010.5X| |     0002A|
Format: |%010.8X| |  0000002A|
Format: |%010.10X| |000000002A|
Format: |%-00.0X| |2A|
Format: |%-00.3X| |02A|
Format: |%-00.5X| |0002A|
Format: |%-00.8X| |0000002A|
Format: |%-00.10X| |000000002A|
Format: |%-03.0X| |2A |
Format: |%-03.3X| |02A|
Format: |%-03.5X| |0002A|
Format: |%-03.8X| |0000002A|
Format: |%-03.10X| |000000002A|
Format: |%-05.0X| |2A   |
Format: |%-05.3X| |02A  |
Format: |%-05.5X| |0002A|
Format: |%-05.8X| |0000002A|
Format: |%-05.10X| |000000002A|
Format: |%-08.0X| |2A      |
Format: |%-08.3X| |02A     |
Format: |%-08.5X| |0002A   |
Format: |%-08.8X| |0000002A|
Format: |%-08.10X| |000000002A|
Format: |%-010.0X| |2A        |
Format: |%-010.3X| |02A       |
Format: |%-010.5X| |0002A     |
Format: |%-010.8X| |0000002A  |
Format: |%-010.10X| |000000002A|
Format: |%#0.0X| |0X2A|
Format: |%#0.3X| |0X02A|
Format: |%#0.5X| |0X0002A|
Format: |%#0.8X| |0X0000002A|
Format: |%#0.10X| |0X000000002A|
Format: |%#3.0X| |0X2A|
Format: |%#3.3X| |0X02A|
Format: |%#3.5X| |0X0002A|
Format: |%#3.8X| |0X0000002A|
Format: |%#3.10X| |0X000000002A|
Format: |%#5.0X| | 0X2A|
Format: |%#5.3X| |0X02A|
Format: |%#5.5X| |0X0002A|
Format: |%#5.8X| |0X0000002A|
Format: |%#5.10X| |0X000000002A|
Format: |%#8.0X| |    0X2A|
Format: |%#8.3X| |   0X02A|
Format: |%#8.5X| | 0X0002A|
Format: |%#8.8X| |0X0000002A|
Format: |%#8.10X| |0X000000002A|
Format: |%#10.0X| |      0X2A|
Format: |%#10.3X| |     0X02A|
Format: |%#10.5X| |   0X0002A|
Format: |%#10.8X| |0X0000002A|
Format: |%#10.10X| |0X000000002A|
Format: |%-#0.0X| |0X2A|
Format: |%-#0.3X| |0X02A|
Format: |%-#0.5X| |0X0002A|
Format: |%-#0.8X| |0X0000002A|
Format: |%-#0.10X| |0X000000002A|
Format: |%-#3.0X| |0X2A|
Format: |%-#3.3X| |0X02A|
Format: |%-#3.5X| |0X0002A|
Format: |%-#3.8X| |0X0000002A|
Format: |%-#3.10X| |0X000000002A|
Format: |%-#5.0X| |0X2A |
Format: |%-#5.3X| |0X02A|
Format: |%-#5.5X| |0X0002A|
Format: |%-#5.8X| |0X0000002A|
Format: |%-#5.10X| |0X000000002A|
Format: |%-#8.0X| |0X2A    |
Format: |%-#8.3X| |0X02A   |
Format: |%-#8.5X| |0X0002A |
Format: |%-#8.8X| |0X0000002A|
Format: |%-#8.10X| |0X000000002A|
Format: |%-#10.0X| |0X2A      |
Format: |%-#10.3X| |0X02A     |
Format: |%-#10.5X| |0X0002A   |
Format: |%-#10.8X| |0X0000002A|
Format: |%-#10.10X| |0X000000002A|
Format: |%0#0.0X| |0X2A|
Format: |%0#0.3X| |0X02A|
Format: |%0#0.5X| |0X0002A|
Format: |%0#0.8X| |0X0000002A|
Format: |%0#0.10X| |0X000000002A|
Format: |%0#3.0X| |0X2A|
Format: |%0#3.3X| |0X02A|
Format: |%0#3.5X| |0X0002A|
Format: |%0#3.8X| |0X0000002A|
Format: |%0#3.10X| |0X000000002A|
Format: |%0#5.0X| | 0X2A|
Format: |%0#5.3X| |0X02A|
Format: |%0#5.5X| |0X0002A|
Format: |%0#5.8X| |0X0000002A|
Format: |%0#5.10X| |0X000000002A|
Format: |%0#8.0X| |    0X2A|
Format: |%0#8.3X| |   0X02A|
Format: |%0#8.5X| | 0X0002A|
Format: |%0#8.8X| |0X0000002A|
Format: |%0#8.10X| |0X000000002A|
Format: |%0#10.0X| |      0X2A|
Format: |%0#10.3X| |     0X02A|
Format: |%0#10.5X| |   0X0002A|
Format: |%0#10.8X| |0X0000002A|
Format: |%0#10.10X| |0X000000002A|
Format: |%-0#0.0X| |0X2A|
Format: |%-0#0.3X| |0X02A|
Format: |%-0#0.5X| |0X0002A|
Format: |%-0#0.8X| |0X0000002A|
Format: |%-0#0.10X| |0X000000002A|
Format: |%-0#3.0X| |0X2A|
Format: |%-0#3.3X| |0X02A|
Format: |%-0#3.5X| |0X0002A|
Format: |%-0#3.8X| |0X0000002A|
Format: |%-0#3.10X| |0X000000002A|
Format: |%-0#5.0X| |0X2A |
Format: |%-0#5.3X| |0X02A|
Format: |%-0#5.5X| |0X0002A|
Format: |%-0#5.8X| |0X0000002A|
Format: |%-0#5.10X| |0X000000002A|
Format: |%-0#8.0X| |0X2A    |
Format: |%-0#8.3X| |0X02A   |
Format: |%-0#8.5X| |0X0002A |
Format: |%-0#8.8X| |0X0000002A|
Format: |%-0#8.10X| |0X000000002A|
Format: |%-0#10.0X| |0X2A      |
Format: |%-0#10.3X| |0X02A     |
Format: |%-0#10.5X| |0X0002A   |
Format: |%-0#10.8X| |0X0000002A|
Format: |%-0#10.10X| |0X000000002A|
